<?xml version="1.0" encoding="UTF-8"?>
<!-- Generated by org.testng.reporters.JUnitXMLReporter -->
<testsuite ignored="0" hostname="Pavani" failures="1" tests="1" name="Test" time="6.969" errors="0" timestamp="2024-06-11T14:35:08 IST">
  <testcase classname="SeleniumBasics.MiniProject1" name="userid" time="4.14">
    <failure type="java.lang.AssertionError" message="expected [] but found [Pavani]">
      <![CDATA[java.lang.AssertionError: expected [] but found [Pavani]
at SeleniumBasics.MiniProject1.userid(MiniProject1.java:43)
at java.base/java.util.ArrayList.forEach(ArrayList.java:1511)
... Removed 33 stack frames]]>
    </failure>
  </testcase> <!-- userid -->
</testsuite> <!-- Test -->
